[17.952442169] 2019-03-17 22:11:22,560 - INFO - launcher: Starting sanity checks
[18.922090530] 2019-03-17 22:11:22,561 - INFO - launcher: Checking for Python 3.5+
[18.922090530] 2019-03-17 22:11:22,561 - INFO - launcher: Checking console encoding
[18.922090530] 2019-03-17 22:11:22,561 - INFO - launcher: Setting console encoding to UTF-8
[18.922090530] 2019-03-17 22:11:22,561 - INFO - launcher: Ensuring we're in the right environment
[19.943237305] 2019-03-17 22:11:22,562 - INFO - launcher: Adding local bins/ folder to path
[367.988824844] 2019-03-17 22:11:22,910 - INFO - launcher: Required checks passed.
[367.988824844] 2019-03-17 22:11:22,910 - INFO - launcher: Optional checks passed.
[367.988824844] 2019-03-17 22:11:22,910 - INFO - launcher: Moving old musicbot log

######################### PRE-RUN SANITY CHECKS PASSED #########################

[0.7513322830200195] 2019-03-17 22:11:23,294 - WARNING - musicbot.config | In config.py::MainThread(3328), line 116 in run_checks: i18n file does not exist. Trying to fallback to config/i18n/en.json.
[0.7513322830200195] 2019-03-17 22:11:23,294 - INFO - musicbot.config | In config.py::MainThread(3328), line 127 in run_checks: Using i18n: config/i18n/en.json
[0.7523283958435059] 2019-03-17 22:11:23,295 - DEBUG - musicbot.bot | In bot.py::MainThread(3328), line 226 in _setup_logging: Set logging level to INFO
[0.7533259391784668] 2019-03-17 22:11:23,296 - DEBUG - musicbot.json | In json.py::MainThread(3328), line 8 in __init__: Init JSON obj with config/i18n/en.json
[0.7662909030914307] 2019-03-17 22:11:23,309 - INFO - musicbot.bot | In bot.py::MainThread(3328), line 91 in __init__: Starting MusicBot 1.9.8_4
[0.7662909030914307] 2019-03-17 22:11:23,309 - INFO - musicbot.bot | In bot.py::MainThread(3328), line 97 in __init__: Loaded autoplaylist with 1 entries
[3.7332086563110352] 2019-03-17 22:11:26,276 - DEBUG - musicbot.bot | In bot.py::MainThread(3328), line 922 in on_ready: Connection established, ready to go.
[3.7332086563110352] 2019-03-17 22:11:26,276 - DEBUG - musicbot.bot | In bot.py::MainThread(3328), line 340 in _cache_app_info: Caching app info
[3.9171075820922852] 2019-03-17 22:11:26,460 - DEBUG - musicbot.bot | In bot.py::MainThread(3328), line 744 in _scheck_ensure_env: Ensuring data folders exist
[3.9181060791015625] 2019-03-17 22:11:26,461 - DEBUG - musicbot.bot | In bot.py::MainThread(3328), line 754 in _scheck_ensure_env: Deleted old audio cache
[3.9181060791015625] 2019-03-17 22:11:26,461 - DEBUG - musicbot.bot | In bot.py::MainThread(3328), line 760 in _scheck_server_permissions: Checking server permissions
[3.9181060791015625] 2019-03-17 22:11:26,461 - DEBUG - musicbot.bot | In bot.py::MainThread(3328), line 764 in _scheck_autoplaylist: Auditing autoplaylist
[3.9181060791015625] 2019-03-17 22:11:26,461 - DEBUG - musicbot.bot | In bot.py::MainThread(3328), line 768 in _scheck_configs: Validating config
[3.9181060791015625] 2019-03-17 22:11:26,461 - DEBUG - musicbot.config | In config.py::MainThread(3328), line 217 in async_validate: Validating options...
[3.9191055297851562] 2019-03-17 22:11:26,462 - DEBUG - musicbot.bot | In bot.py::MainThread(3328), line 771 in _scheck_configs: Validating permissions config
[3.9191055297851562] 2019-03-17 22:11:26,462 - DEBUG - musicbot.permissions | In permissions.py::MainThread(3328), line 94 in async_validate: Validating permissions...
[3.9191055297851562] 2019-03-17 22:11:26,462 - INFO - musicbot.bot | In bot.py::MainThread(3328), line 939 in on_ready: Connected: 470583576614666260/ArozziFM#8746
[3.9191055297851562] 2019-03-17 22:11:26,462 - INFO - musicbot.bot | In bot.py::MainThread(3328), line 947 in on_ready: Owner:     288374086428655617/✪ TryHarderYT ᴬʳᵒᶻᶻᶦ#8917

[3.9201025962829590] 2019-03-17 22:11:26,463 - INFO - musicbot.bot | In bot.py::MainThread(3328), line 950 in on_ready: Guild List:
[3.9201025962829590] 2019-03-17 22:11:26,463 - INFO - musicbot.bot | In bot.py::MainThread(3328), line 954 in on_ready:  - 🎮 AROZZIOP
[3.9201025962829590] 2019-03-17 22:11:26,463 - INFO - musicbot.bot | In bot.py::MainThread(3328), line 1010 in on_ready: Not bound to any text channels
[3.9210999011993408] 2019-03-17 22:11:26,464 - INFO - musicbot.bot | In bot.py::MainThread(3328), line 1036 in on_ready: Not autojoining any voice channels
[3.9210999011993408] 2019-03-17 22:11:26,464 - INFO - musicbot.bot | In bot.py::MainThread(3328), line 270 in _join_startup_channels: Found owner in "ArozziFM"
[3.9221050739288330] 2019-03-17 22:11:26,465 - INFO - musicbot.bot | In bot.py::MainThread(3328), line 279 in _join_startup_channels: Attempting to join 🎮 AROZZIOP/ArozziFM
[5.2973737716674805] 2019-03-17 22:11:27,840 - DEBUG - musicbot.bot | In bot.py::MainThread(3328), line 704 in deserialize_queue: Deserializing queue for 407910632696840194
[5.4080774784088135] 2019-03-17 22:11:27,951 - DEBUG - musicbot.bot | In bot.py::MainThread(3328), line 423 in get_player: Created player via deserialization for guild 407910632696840194 with 2 entries
[5.4080774784088135] 2019-03-17 22:11:27,951 - INFO - musicbot.bot | In bot.py::MainThread(3328), line 295 in _join_startup_channels: Joined 🎮 AROZZIOP/ArozziFM
[5.4090471267700195] 2019-03-17 22:11:27,952 - DEBUG - musicbot.entry | In entry.py::MainThread(3328), line 56 in get_ready_future: Created future for None
[5.4090471267700195] 2019-03-17 22:11:27,952 - DEBUG - musicbot.entry | In entry.py::MainThread(3328), line 56 in get_ready_future: Created future for None
[5.4090471267700195] 2019-03-17 22:11:27,952 - INFO - musicbot.entry | In entry.py::MainThread(3328), line 292 in _really_download: Download started: https://www.youtube.com/watch?v=3x4t_xJEchM
[5.4279961585998535] 2019-03-17 22:11:27,970 - INFO - musicbot.entry | In entry.py::MainThread(3328), line 292 in _really_download: Download started: https://youtube.com/watch?v=qrBB3_rFPjg
[8.4096181392669678] 2019-03-17 22:11:30,952 - INFO - musicbot.entry | In entry.py::MainThread(3328), line 302 in _really_download: Download complete: https://youtube.com/watch?v=qrBB3_rFPjg
[8.4106404781341553] 2019-03-17 22:11:30,953 - FFMPEG - musicbot.player | In player.py::MainThread(3328), line 273 in _play: Creating player with options: -nostdin -vn audio_cache\youtube-qrBB3_rFPjg-Undertale_OST_-_046_-_Spear_of_Justice.webm
[8.4136066436767578] 2019-03-17 22:11:30,956 - DEBUG - musicbot.player | In player.py::MainThread(3328), line 284 in _play: Playing <discord.player.PCMVolumeTransformer object at 0x04F0FF10> using <discord.voice_client.VoiceClient object at 0x0563DE30>
[8.4146051406860352] 2019-03-17 22:11:30,957 - DEBUG - musicbot.bot | In bot.py::MainThread(3328), line 458 in on_player_play: Running on_player_play
[8.4146051406860352] 2019-03-17 22:11:30,957 - DEBUG - musicbot.bot | In bot.py::MainThread(3328), line 680 in serialize_queue: Serializing queue for 407910632696840194
[8.5286314487457275] 2019-03-17 22:11:31,071 - INFO - musicbot.entry | In entry.py::MainThread(3328), line 302 in _really_download: Download complete: https://www.youtube.com/watch?v=3x4t_xJEchM
[123.9967477321624756] 2019-03-17 22:13:26,539 - DEBUG - musicbot.player | In player.py::Thread-3(4004), line 200 in _playback_finished: Deleting file: audio_cache\youtube-qrBB3_rFPjg-Undertale_OST_-_046_-_Spear_of_Justice.webm
[123.9976682662963867] 2019-03-17 22:13:26,540 - DEBUG - musicbot.player | In player.py::Thread-3(4004), line 205 in _playback_finished: File deleted: audio_cache\youtube-qrBB3_rFPjg-Undertale_OST_-_046_-_Spear_of_Justice.webm
[125.2575716972351074] 2019-03-17 22:13:27,800 - DEBUG - musicbot.bot | In bot.py::MainThread(3328), line 515 in on_player_finished_playing: Running on_player_finished_playing
[125.2575716972351074] 2019-03-17 22:13:27,800 - DEBUG - musicbot.bot | In bot.py::MainThread(3328), line 680 in serialize_queue: Serializing queue for 407910632696840194
[125.2614781856536865] 2019-03-17 22:13:27,804 - DEBUG - musicbot.entry | In entry.py::MainThread(3328), line 56 in get_ready_future: Created future for audio_cache\youtube-3x4t_xJEchM-Fuck_You_EU_Song_from_Last_Week_Tonight_with_John_Oliver.webm
[125.2614781856536865] 2019-03-17 22:13:27,804 - FFMPEG - musicbot.player | In player.py::MainThread(3328), line 273 in _play: Creating player with options: -nostdin -vn audio_cache\youtube-3x4t_xJEchM-Fuck_You_EU_Song_from_Last_Week_Tonight_with_John_Oliver.webm
[125.2634761333465576] 2019-03-17 22:13:27,806 - DEBUG - musicbot.player | In player.py::MainThread(3328), line 284 in _play: Playing <discord.player.PCMVolumeTransformer object at 0x05615C70> using <discord.voice_client.VoiceClient object at 0x0563DE30>
[125.2654423713684082] 2019-03-17 22:13:27,808 - DEBUG - musicbot.bot | In bot.py::MainThread(3328), line 458 in on_player_play: Running on_player_play
[125.2654423713684082] 2019-03-17 22:13:27,808 - DEBUG - musicbot.bot | In bot.py::MainThread(3328), line 680 in serialize_queue: Serializing queue for 407910632696840194
[184.0029997825622559] 2019-03-17 22:14:26,545 - INFO - musicbot.bot | In bot.py::MainThread(3328), line 2644 in on_message: 288374086428655617/✪ TryHarderYT ᴬʳᵒᶻᶻᶦ#8917: !clear 1000
[199.8754608631134033] 2019-03-17 22:14:42,418 - INFO - musicbot.bot | In bot.py::MainThread(3328), line 2644 in on_message: 288374086428655617/✪ TryHarderYT ᴬʳᵒᶻᶻᶦ#8917: !clear 100000
[204.9915857315063477] 2019-03-17 22:14:47,534 - DEBUG - musicbot.bot | In bot.py::MainThread(3328), line 828 in safe_delete_message: Cannot delete message "", message not found
[227.9258110523223877] 2019-03-17 22:15:10,468 - DEBUG - musicbot.player | In player.py::Thread-4(6024), line 200 in _playback_finished: Deleting file: audio_cache\youtube-3x4t_xJEchM-Fuck_You_EU_Song_from_Last_Week_Tonight_with_John_Oliver.webm
[227.9268076419830322] 2019-03-17 22:15:10,469 - DEBUG - musicbot.player | In player.py::Thread-4(6024), line 205 in _playback_finished: File deleted: audio_cache\youtube-3x4t_xJEchM-Fuck_You_EU_Song_from_Last_Week_Tonight_with_John_Oliver.webm
[227.9268076419830322] 2019-03-17 22:15:10,469 - DEBUG - musicbot.bot | In bot.py::MainThread(3328), line 515 in on_player_finished_playing: Running on_player_finished_playing
[227.9268076419830322] 2019-03-17 22:15:10,469 - DEBUG - musicbot.bot | In bot.py::MainThread(3328), line 530 in on_player_finished_playing: No content in current autoplaylist. Filling with new music...
[230.5449581146240234] 2019-03-17 22:15:13,087 - DEBUG - musicbot.entry | In entry.py::MainThread(3328), line 56 in get_ready_future: Created future for None
[230.5449581146240234] 2019-03-17 22:15:13,087 - DEBUG - musicbot.bot | In bot.py::MainThread(3328), line 595 in on_player_entry_added: Running on_player_entry_added
[230.5449581146240234] 2019-03-17 22:15:13,087 - INFO - musicbot.entry | In entry.py::MainThread(3328), line 292 in _really_download: Download started: https://www.youtube.com/watch?v=3x4t_xJEchM
[230.5459275245666504] 2019-03-17 22:15:13,088 - DEBUG - musicbot.entry | In entry.py::MainThread(3328), line 56 in get_ready_future: Created future for None
[233.4533662796020508] 2019-03-17 22:15:15,996 - INFO - musicbot.entry | In entry.py::MainThread(3328), line 302 in _really_download: Download complete: https://www.youtube.com/watch?v=3x4t_xJEchM
[233.4553892612457275] 2019-03-17 22:15:15,998 - FFMPEG - musicbot.player | In player.py::MainThread(3328), line 273 in _play: Creating player with options: -nostdin -vn audio_cache\youtube-3x4t_xJEchM-Fuck_You_EU_Song_from_Last_Week_Tonight_with_John_Oliver.webm
[233.4573893547058105] 2019-03-17 22:15:16,000 - DEBUG - musicbot.player | In player.py::MainThread(3328), line 284 in _play: Playing <discord.player.PCMVolumeTransformer object at 0x06813E50> using <discord.voice_client.VoiceClient object at 0x0563DE30>
[233.4583532810211182] 2019-03-17 22:15:16,001 - DEBUG - musicbot.bot | In bot.py::MainThread(3328), line 458 in on_player_play: Running on_player_play
[233.4583532810211182] 2019-03-17 22:15:16,001 - DEBUG - musicbot.bot | In bot.py::MainThread(3328), line 680 in serialize_queue: Serializing queue for 407910632696840194
[240.7363011837005615] 2019-03-17 22:15:23,279 - INFO - musicbot.bot | In bot.py::MainThread(3328), line 2864 in on_voice_state_update: Pausing in 🎮 AROZZIOP/ArozziFM (empty channel)
[240.7363011837005615] 2019-03-17 22:15:23,279 - DEBUG - musicbot.bot | In bot.py::MainThread(3328), line 506 in on_player_pause: Running on_player_pause
[318.7045423984527588] 2019-03-17 22:16:41,247 - INFO - musicbot.bot | In bot.py::MainThread(3328), line 2853 in on_voice_state_update: Unpausing in 🎮 AROZZIOP/ArozziFM
[318.7055401802062988] 2019-03-17 22:16:41,248 - DEBUG - musicbot.bot | In bot.py::MainThread(3328), line 502 in on_player_resume: Running on_player_resume
[330.6664268970489502] 2019-03-17 22:16:53,209 - INFO - musicbot.bot | In bot.py::MainThread(3328), line 2864 in on_voice_state_update: Pausing in 🎮 AROZZIOP/ArozziFM (empty channel)
[330.6664268970489502] 2019-03-17 22:16:53,209 - DEBUG - musicbot.bot | In bot.py::MainThread(3328), line 506 in on_player_pause: Running on_player_pause
